This is pdfTeX, Version 3.141592653-2.6-1.40.25 (MiKTeX 24.1) (preloaded format=pdflatex 2024.2.11)  8 FEB 2025 17:09
entering extended mode
 restricted \write18 enabled.
 file:line:error style messages enabled.
 %&-line parsing enabled.
**c:/Users/axeld/OneDrive/Bureau/git/Network-integrated-Pre-and-Post-Processing/rapport/rapport.tex
(c:/Users/axeld/OneDrive/Bureau/git/Network-integrated-Pre-and-Post-Processing/rapport/rapport.tex
LaTeX2e <2023-11-01> patch level 1
L3 programming layer <2024-01-22>
(C:\Users\axeld\AppData\Local\Programs\MiKTeX\tex/latex/base\article.cls
Document Class: article 2023/05/17 v1.4n Standard LaTeX document class
(C:\Users\axeld\AppData\Local\Programs\MiKTeX\tex/latex/base\size10.clo
File: size10.clo 2023/05/17 v1.4n Standard LaTeX file (size option)
)
\c@part=\count187
\c@section=\count188
\c@subsection=\count189
\c@subsubsection=\count190
\c@paragraph=\count191
\c@subparagraph=\count192
\c@figure=\count193
\c@table=\count194
\abovecaptionskip=\skip48
\belowcaptionskip=\skip49
\bibindent=\dimen140
) (C:\Users\axeld\AppData\Local\Programs\MiKTeX\tex/latex/graphics\graphicx.sty
Package: graphicx 2021/09/16 v1.2d Enhanced LaTeX Graphics (DPC,SPQR)
 (C:\Users\axeld\AppData\Local\Programs\MiKTeX\tex/latex/graphics\keyval.sty
Package: keyval 2022/05/29 v1.15 key=value parser (DPC)
\KV@toks@=\toks17
) (C:\Users\axeld\AppData\Local\Programs\MiKTeX\tex/latex/graphics\graphics.sty
Package: graphics 2022/03/10 v1.4e Standard LaTeX Graphics (DPC,SPQR)
 (C:\Users\axeld\AppData\Local\Programs\MiKTeX\tex/latex/graphics\trig.sty
Package: trig 2021/08/11 v1.11 sin cos tan (DPC)
) (C:\Users\axeld\AppData\Local\Programs\MiKTeX\tex/latex/graphics-cfg\graphics.cfg
File: graphics.cfg 2016/06/04 v1.11 sample graphics configuration
)
Package graphics Info: Driver file: pdftex.def on input line 107.
 (C:\Users\axeld\AppData\Local\Programs\MiKTeX\tex/latex/graphics-def\pdftex.def
File: pdftex.def 2022/09/22 v1.2b Graphics/color driver for pdftex
))
\Gin@req@height=\dimen141
\Gin@req@width=\dimen142
) (C:\Users\axeld\AppData\Local\Programs\MiKTeX\tex/latex/caption\caption.sty
Package: caption 2023/08/05 v3.6o Customizing captions (AR)
 (C:\Users\axeld\AppData\Local\Programs\MiKTeX\tex/latex/caption\caption3.sty
Package: caption3 2023/07/31 v2.4d caption3 kernel (AR)
\caption@tempdima=\dimen143
\captionmargin=\dimen144
\caption@leftmargin=\dimen145
\caption@rightmargin=\dimen146
\caption@width=\dimen147
\caption@indent=\dimen148
\caption@parindent=\dimen149
\caption@hangindent=\dimen150
Package caption Info: Standard document class detected.
)
\c@caption@flags=\count195
\c@continuedfloat=\count196
) (C:\Users\axeld\AppData\Local\Programs\MiKTeX\tex/latex/float\float.sty
Package: float 2001/11/08 v1.3d Float enhancements (AL)
\c@float@type=\count197
\float@exts=\toks18
\float@box=\box51
\@float@everytoks=\toks19
\@floatcapt=\box52
) (C:\Users\axeld\AppData\Local\Programs\MiKTeX\tex/latex/l3backend\l3backend-pdftex.def
File: l3backend-pdftex.def 2024-01-04 L3 backend support: PDF output (pdfTeX)
\l__color_backend_stack_int=\count198
\l__pdf_internal_box=\box53
) (rapport.aux)
\openout1 = `rapport.aux'.

LaTeX Font Info:    Checking defaults for OML/cmm/m/it on input line 6.
LaTeX Font Info:    ... okay on input line 6.
LaTeX Font Info:    Checking defaults for OMS/cmsy/m/n on input line 6.
LaTeX Font Info:    ... okay on input line 6.
LaTeX Font Info:    Checking defaults for OT1/cmr/m/n on input line 6.
LaTeX Font Info:    ... okay on input line 6.
LaTeX Font Info:    Checking defaults for T1/cmr/m/n on input line 6.
LaTeX Font Info:    ... okay on input line 6.
LaTeX Font Info:    Checking defaults for TS1/cmr/m/n on input line 6.
LaTeX Font Info:    ... okay on input line 6.
LaTeX Font Info:    Checking defaults for OMX/cmex/m/n on input line 6.
LaTeX Font Info:    ... okay on input line 6.
LaTeX Font Info:    Checking defaults for U/cmr/m/n on input line 6.
LaTeX Font Info:    ... okay on input line 6.
 (C:\Users\axeld\AppData\Local\Programs\MiKTeX\tex/context/base/mkii\supp-pdf.mkii
[Loading MPS to PDF converter (version 2006.09.02).]
\scratchcounter=\count199
\scratchdimen=\dimen151
\scratchbox=\box54
\nofMPsegments=\count266
\nofMParguments=\count267
\everyMPshowfont=\toks20
\MPscratchCnt=\count268
\MPscratchDim=\dimen152
\MPnumerator=\count269
\makeMPintoPDFobject=\count270
\everyMPtoPDFconversion=\toks21
) (C:\Users\axeld\AppData\Local\Programs\MiKTeX\tex/latex/epstopdf-pkg\epstopdf-base.sty
Package: epstopdf-base 2020-01-24 v2.11 Base part for package epstopdf
Package epstopdf-base Info: Redefining graphics rule for `.eps' on input line 485.
 (C:\Users\axeld\AppData\Local\Programs\MiKTeX\tex/latex/00miktex\epstopdf-sys.cfg
File: epstopdf-sys.cfg 2021/03/18 v2.0 Configuration of epstopdf for MiKTeX
))
Package caption Info: Begin \AtBeginDocument code.
Package caption Info: float package is loaded.
Package caption Info: End \AtBeginDocument code.
<images/maillage_raffiné.png, id=1, 337.26pt x 380.92313pt>
File: images/maillage_raffiné.png Graphic file (type png)
<use images/maillage_raffiné.png>
Package pdftex.def Info: images/maillage_raffiné.png  used on input line 17.
(pdftex.def)             Requested size: 241.49895pt x 272.77063pt.
<images/maillage_grossier.png, id=3, 346.29375pt x 240.14719pt>
File: images/maillage_grossier.png Graphic file (type png)
<use images/maillage_grossier.png>
Package pdftex.def Info: images/maillage_grossier.png  used on input line 27.
(pdftex.def)             Requested size: 241.49895pt x 167.47893pt.
 [1

{C:/Users/axeld/AppData/Local/MiKTeX/fonts/map/pdftex/pdftex.map} <./images/maillage_raffiné.png>]
<images/champ_electrique.png, id=11, 1344.02126pt x 788.9475pt>
File: images/champ_electrique.png Graphic file (type png)
<use images/champ_electrique.png>
Package pdftex.def Info: images/champ_electrique.png  used on input line 42.
(pdftex.def)             Requested size: 241.49895pt x 141.7516pt.

Overfull \hbox (20.29584pt too wide) in paragraph at lines 45--45
[]\OT1/cmr/bx/n/12 Extraction d'isosurface en fonc-tion du po-ten-tiel ^^Sel^^Sectrique 
 []

<images/isosurface.png, id=12, 946.53625pt x 788.9475pt>
File: images/isosurface.png Graphic file (type png)
<use images/isosurface.png>
Package pdftex.def Info: images/isosurface.png  used on input line 50.
(pdftex.def)             Requested size: 241.49895pt x 201.28127pt.
[2 <./images/maillage_grossier.png> <./images/champ_electrique.png (PNG copy)>] [3 <./images/isosurface.png (PNG copy)>] (rapport.aux)
 ***********
LaTeX2e <2023-11-01> patch level 1
L3 programming layer <2024-01-22>
 ***********
 ) 
Here is how much of TeX's memory you used:
 2718 strings out of 474541
 49774 string characters out of 5744425
 1927978 words of memory out of 5000000
 24983 multiletter control sequences out of 15000+600000
 559279 words of font info for 40 fonts, out of 8000000 for 9000
 1141 hyphenation exceptions out of 8191
 57i,7n,65p,325b,309s stack positions out of 10000i,1000n,20000p,200000b,200000s
<C:/Users/axeld/AppData/Local/Programs/MiKTeX/fonts/type1/public/amsfonts/cm/cmbx12.pfb><C:/Users/axeld/AppData/Local/Programs/MiKTeX/fonts/type1/public/amsfonts/cm/cmr10.pfb>
Output written on rapport.pdf (3 pages, 737577 bytes).
PDF statistics:
 29 PDF objects out of 1000 (max. 8388607)
 0 named destinations out of 1000 (max. 500000)
 21 words of extra memory for PDF output out of 10000 (max. 10000000)

